Pig Stack Trace
---------------
ERROR 1025: 
<file sentiment_analysis.pig, line 24, column 18> Invalid field projection. Projected field [sentiment_dict::polarity] does not exist in schema: group:chararray,joined_data:bag{:tuple(split_reviews::shop_name:chararray,split_reviews::word:chararray,sentiment_dict::word:chararray,sentiment_dict::polarity:int)}.

org.apache.pig.impl.plan.PlanValidationException: ERROR 1025: 
<file sentiment_analysis.pig, line 24, column 18> Invalid field projection. Projected field [sentiment_dict::polarity] does not exist in schema: group:chararray,joined_data:bag{:tuple(split_reviews::shop_name:chararray,split_reviews::word:chararray,sentiment_dict::word:chararray,sentiment_dict::polarity:int)}.
	at org.apache.pig.newplan.logical.expression.ProjectExpression.findColNum(ProjectExpression.java:191)
	at org.apache.pig.newplan.logical.expression.ProjectExpression.setColumnNumberFromAlias(ProjectExpression.java:174)
	at org.apache.pig.newplan.logical.visitor.ColumnAliasConversionVisitor$1.visit(ColumnAliasConversionVisitor.java:53)
	at org.apache.pig.newplan.logical.expression.ProjectExpression.accept(ProjectExpression.java:215)
	at org.apache.pig.newplan.DependencyOrderWalker.walk(DependencyOrderWalker.java:75)
	at org.apache.pig.newplan.PlanVisitor.visit(PlanVisitor.java:52)
	at org.apache.pig.newplan.logical.optimizer.AllExpressionVisitor.visit(AllExpressionVisitor.java:142)
	at org.apache.pig.newplan.logical.relational.LOInnerLoad.accept(LOInnerLoad.java:128)
	at org.apache.pig.newplan.DependencyOrderWalker.walk(DependencyOrderWalker.java:75)
	at org.apache.pig.newplan.logical.optimizer.AllExpressionVisitor.visit(AllExpressionVisitor.java:124)
	at org.apache.pig.newplan.logical.relational.LOForEach.accept(LOForEach.java:87)
	at org.apache.pig.newplan.DependencyOrderWalker.walk(DependencyOrderWalker.java:75)
	at org.apache.pig.newplan.PlanVisitor.visit(PlanVisitor.java:52)
	at org.apache.pig.newplan.logical.relational.LogicalPlan.validate(LogicalPlan.java:175)
	at org.apache.pig.PigServer$Graph.compile(PigServer.java:1851)
	at org.apache.pig.PigServer$Graph.access$300(PigServer.java:1527)
	at org.apache.pig.PigServer.execute(PigServer.java:1440)
	at org.apache.pig.PigServer.executeBatch(PigServer.java:488)
	at org.apache.pig.PigServer.executeBatch(PigServer.java:471)
	at org.apache.pig.tools.grunt.GruntParser.executeBatch(GruntParser.java:172)
	at org.apache.pig.tools.grunt.GruntParser.parseStopOnError(GruntParser.java:235)
	at org.apache.pig.tools.grunt.GruntParser.parseStopOnError(GruntParser.java:206)
	at org.apache.pig.tools.grunt.Grunt.exec(Grunt.java:81)
	at org.apache.pig.Main.run(Main.java:632)
	at org.apache.pig.Main.main(Main.java:178)
	at sun.reflect.NativeMethodAccessorImpl.invoke0(Native Method)
	at sun.reflect.NativeMethodAccessorImpl.invoke(NativeMethodAccessorImpl.java:62)
	at sun.reflect.DelegatingMethodAccessorImpl.invoke(DelegatingMethodAccessorImpl.java:43)
	at java.lang.reflect.Method.invoke(Method.java:498)
	at org.apache.hadoop.util.RunJar.run(RunJar.java:318)
	at org.apache.hadoop.util.RunJar.main(RunJar.java:232)
================================================================================
